{"C:\\Users\\beatr\\Documents\\miniproject\\src\\services\\strapiService.js": {"path":"C:\\Users\\beatr\\Documents\\miniproject\\src\\services\\strapiService.js","all":false,"statementMap":{"0":{"start":{"line":1,"column":0},"end":{"line":1,"column":32}},"1":{"start":{"line":2,"column":0},"end":{"line":2,"column":26}},"2":{"start":{"line":3,"column":0},"end":{"line":3,"column":0}},"3":{"start":{"line":4,"column":0},"end":{"line":4,"column":68}},"4":{"start":{"line":5,"column":0},"end":{"line":5,"column":0}},"5":{"start":{"line":6,"column":0},"end":{"line":6,"column":37}},"6":{"start":{"line":7,"column":0},"end":{"line":7,"column":7}},"7":{"start":{"line":8,"column":0},"end":{"line":8,"column":70}},"8":{"start":{"line":9,"column":0},"end":{"line":9,"column":25}},"9":{"start":{"line":10,"column":0},"end":{"line":10,"column":19}},"10":{"start":{"line":11,"column":0},"end":{"line":11,"column":61}},"11":{"start":{"line":12,"column":0},"end":{"line":12,"column":16}},"12":{"start":{"line":13,"column":0},"end":{"line":13,"column":3}},"13":{"start":{"line":14,"column":0},"end":{"line":14,"column":2}},"14":{"start":{"line":15,"column":0},"end":{"line":15,"column":0}},"15":{"start":{"line":16,"column":0},"end":{"line":16,"column":52}},"16":{"start":{"line":17,"column":0},"end":{"line":17,"column":7}},"17":{"start":{"line":18,"column":0},"end":{"line":18,"column":64}},"18":{"start":{"line":19,"column":0},"end":{"line":19,"column":13}},"19":{"start":{"line":20,"column":0},"end":{"line":20,"column":86}},"20":{"start":{"line":21,"column":0},"end":{"line":21,"column":8}},"21":{"start":{"line":22,"column":0},"end":{"line":22,"column":7}},"22":{"start":{"line":23,"column":0},"end":{"line":23,"column":25}},"23":{"start":{"line":24,"column":0},"end":{"line":24,"column":19}},"24":{"start":{"line":25,"column":0},"end":{"line":25,"column":59}},"25":{"start":{"line":26,"column":0},"end":{"line":26,"column":16}},"26":{"start":{"line":27,"column":0},"end":{"line":27,"column":3}},"27":{"start":{"line":28,"column":0},"end":{"line":28,"column":2}}},"s":{"0":1,"1":1,"2":1,"3":1,"4":1,"5":1,"6":1,"7":1,"8":1,"9":1,"10":1,"11":2,"12":2,"13":2,"14":2,"15":1,"16":2,"17":2,"18":2,"19":2,"20":20,"21":20,"22":20,"23":20,"24":2,"25":1,"26":1,"27":1},"branchMap":{"0":{"type":"branch","line":1,"loc":{"start":{"line":1,"column":0},"end":{"line":28,"column":2}},"locations":[{"start":{"line":1,"column":0},"end":{"line":28,"column":2}}]},"1":{"type":"branch","line":1,"loc":{"start":{"line":1,"column":0},"end":{"line":28,"column":2}},"locations":[{"start":{"line":1,"column":0},"end":{"line":28,"column":2}}]},"2":{"type":"branch","line":10,"loc":{"start":{"line":10,"column":3},"end":{"line":16,"column":1}},"locations":[{"start":{"line":10,"column":3},"end":{"line":16,"column":1}}]},"3":{"type":"branch","line":11,"loc":{"start":{"line":11,"column":29},"end":{"line":15,"column":1}},"locations":[{"start":{"line":11,"column":29},"end":{"line":15,"column":1}}]},"4":{"type":"branch","line":16,"loc":{"start":{"line":16,"column":21},"end":{"line":26,"column":7}},"locations":[{"start":{"line":16,"column":21},"end":{"line":26,"column":7}}]},"5":{"type":"branch","line":18,"loc":{"start":{"line":18,"column":27},"end":{"line":18,"column":56}},"locations":[{"start":{"line":18,"column":27},"end":{"line":18,"column":56}}]},"6":{"type":"branch","line":20,"loc":{"start":{"line":20,"column":30},"end":{"line":25,"column":49}},"locations":[{"start":{"line":20,"column":30},"end":{"line":25,"column":49}}]},"7":{"type":"branch","line":23,"loc":{"start":{"line":23,"column":8},"end":{"line":23,"column":23}},"locations":[{"start":{"line":23,"column":8},"end":{"line":23,"column":23}}]},"8":{"type":"branch","line":28,"loc":{"start":{"line":28,"column":0},"end":{"line":28,"column":2}},"locations":[{"start":{"line":28,"column":0},"end":{"line":28,"column":2}}]}},"b":{"0":[1],"1":[1],"2":[1],"3":[2],"4":[2],"5":[0],"6":[20],"7":[4],"8":[1]},"fnMap":{"0":{"name":"Object.<anonymous>","decl":{"start":{"line":1,"column":0},"end":{"line":28,"column":2}},"loc":{"start":{"line":1,"column":0},"end":{"line":28,"column":2}},"line":1},"1":{"name":"__export","decl":{"start":{"line":10,"column":3},"end":{"line":16,"column":1}},"loc":{"start":{"line":10,"column":3},"end":{"line":16,"column":1}},"line":10},"2":{"name":"__copyProps","decl":{"start":{"line":16,"column":21},"end":{"line":26,"column":7}},"loc":{"start":{"line":16,"column":21},"end":{"line":26,"column":7}},"line":16},"3":{"name":"get","decl":{"start":{"line":23,"column":8},"end":{"line":23,"column":23}},"loc":{"start":{"line":23,"column":8},"end":{"line":23,"column":23}},"line":23},"4":{"name":"__toESM","decl":{"start":{"line":28,"column":0},"end":{"line":28,"column":2}},"loc":{"start":{"line":28,"column":0},"end":{"line":28,"column":2}},"line":28}},"f":{"0":1,"1":1,"2":2,"3":4,"4":1}}
}
