TN:
SF:src\services\strapiService.js
FN:1,Object.<anonymous>
FN:10,__export
FN:16,__copyProps
FN:23,get
FN:28,__toESM
FNF:5
FNH:5
FNDA:1,Object.<anonymous>
FNDA:1,__export
FNDA:2,__copyProps
FNDA:4,get
FNDA:1,__toESM
DA:1,1
DA:2,1
DA:3,1
DA:4,1
DA:5,1
DA:6,1
DA:7,1
DA:8,1
DA:9,1
DA:10,1
DA:11,1
DA:12,2
DA:13,2
DA:14,2
DA:15,2
DA:16,1
DA:17,2
DA:18,2
DA:19,2
DA:20,2
DA:21,20
DA:22,20
DA:23,20
DA:24,20
DA:25,2
DA:26,1
DA:27,1
DA:28,1
LF:28
LH:28
BRDA:1,0,0,1
BRDA:1,1,0,1
BRDA:10,2,0,1
BRDA:11,3,0,2
BRDA:16,4,0,2
BRDA:18,5,0,0
BRDA:20,6,0,20
BRDA:23,7,0,4
BRDA:28,8,0,1
BRF:9
BRH:8
end_of_record
